  main.cpp
  ofApp.cpp
c:\users\sai\documents\of_v0.10.1_vs2017_release\of_v0.10.1_vs2017_release\libs\openframeworks\math\ofvec3f.h : warning C4819: The file contains a character that cannot be represented in the current code page (936). Save the file in Unicode format to prevent data loss (compiling source file src\ofApp.cpp)
c:\users\sai\documents\of_v0.10.1_vs2017_release\of_v0.10.1_vs2017_release\libs\openframeworks\math\ofvec3f.h : warning C4819: The file contains a character that cannot be represented in the current code page (936). Save the file in Unicode format to prevent data loss (compiling source file src\main.cpp)
c:\users\sai\documents\of_v0.10.1_vs2017_release\of_v0.10.1_vs2017_release\libs\openframeworks\math\ofvec2f.h : warning C4819: The file contains a character that cannot be represented in the current code page (936). Save the file in Unicode format to prevent data loss (compiling source file src\ofApp.cpp)
c:\users\sai\documents\of_v0.10.1_vs2017_release\of_v0.10.1_vs2017_release\libs\openframeworks\math\ofvec2f.h : warning C4819: The file contains a character that cannot be represented in the current code page (936). Save the file in Unicode format to prevent data loss (compiling source file src\main.cpp)
c:\users\sai\documents\of_v0.10.1_vs2017_release\of_v0.10.1_vs2017_release\libs\openframeworks\math\ofmatrix4x4.h(326): warning C4267: 'argument': conversion from 'size_t' to 'int', possible loss of data (compiling source file src\main.cpp)
c:\users\sai\documents\of_v0.10.1_vs2017_release\of_v0.10.1_vs2017_release\libs\openframeworks\math\ofmatrix4x4.h(331): warning C4267: 'argument': conversion from 'size_t' to 'int', possible loss of data (compiling source file src\main.cpp)
c:\users\sai\documents\of_v0.10.1_vs2017_release\of_v0.10.1_vs2017_release\libs\openframeworks\math\ofmatrix4x4.h(912): warning C4267: 'argument': conversion from 'size_t' to 'int', possible loss of data (compiling source file src\main.cpp)
c:\users\sai\documents\of_v0.10.1_vs2017_release\of_v0.10.1_vs2017_release\libs\openframeworks\math\ofmatrix4x4.h(913): warning C4267: 'argument': conversion from 'size_t' to 'int', possible loss of data (compiling source file src\main.cpp)
c:\users\sai\documents\of_v0.10.1_vs2017_release\of_v0.10.1_vs2017_release\libs\openframeworks\math\ofmatrix4x4.h(914): warning C4267: 'argument': conversion from 'size_t' to 'int', possible loss of data (compiling source file src\main.cpp)
c:\users\sai\documents\of_v0.10.1_vs2017_release\of_v0.10.1_vs2017_release\libs\openframeworks\math\ofmatrix4x4.h(915): warning C4267: 'argument': conversion from 'size_t' to 'int', possible loss of data (compiling source file src\main.cpp)
c:\users\sai\documents\of_v0.10.1_vs2017_release\of_v0.10.1_vs2017_release\libs\openframeworks\math\ofmatrix4x4.h(326): warning C4267: 'argument': conversion from 'size_t' to 'int', possible loss of data (compiling source file src\ofApp.cpp)
c:\users\sai\documents\of_v0.10.1_vs2017_release\of_v0.10.1_vs2017_release\libs\openframeworks\math\ofmatrix4x4.h(331): warning C4267: 'argument': conversion from 'size_t' to 'int', possible loss of data (compiling source file src\ofApp.cpp)
c:\users\sai\documents\of_v0.10.1_vs2017_release\of_v0.10.1_vs2017_release\libs\openframeworks\math\ofmatrix4x4.h(912): warning C4267: 'argument': conversion from 'size_t' to 'int', possible loss of data (compiling source file src\ofApp.cpp)
c:\users\sai\documents\of_v0.10.1_vs2017_release\of_v0.10.1_vs2017_release\libs\openframeworks\math\ofmatrix4x4.h(913): warning C4267: 'argument': conversion from 'size_t' to 'int', possible loss of data (compiling source file src\ofApp.cpp)
c:\users\sai\documents\of_v0.10.1_vs2017_release\of_v0.10.1_vs2017_release\libs\openframeworks\math\ofmatrix4x4.h(914): warning C4267: 'argument': conversion from 'size_t' to 'int', possible loss of data (compiling source file src\ofApp.cpp)
c:\users\sai\documents\of_v0.10.1_vs2017_release\of_v0.10.1_vs2017_release\libs\openframeworks\math\ofmatrix4x4.h(915): warning C4267: 'argument': conversion from 'size_t' to 'int', possible loss of data (compiling source file src\ofApp.cpp)
c:\users\sai\documents\of_v0.10.1_vs2017_release\of_v0.10.1_vs2017_release\addons\ofxopencv\libs\opencv\include\opencv2\core\mat.hpp(1964): warning C4819: The file contains a character that cannot be represented in the current code page (936). Save the file in Unicode format to prevent data loss (compiling source file src\ofApp.cpp)
c:\users\sai\documents\of_v0.10.1_vs2017_release\of_v0.10.1_vs2017_release\addons\ofxopencv\libs\opencv\include\opencv2\core\mat.hpp(1964): warning C4819: The file contains a character that cannot be represented in the current code page (936). Save the file in Unicode format to prevent data loss (compiling source file src\main.cpp)
c:\users\sai\documents\of_v0.10.1_vs2017_release\of_v0.10.1_vs2017_release\addons\ofxopencv\libs\opencv\include\opencv2\core\persistence.hpp : warning C4819: The file contains a character that cannot be represented in the current code page (936). Save the file in Unicode format to prevent data loss (compiling source file src\ofApp.cpp)
c:\users\sai\documents\of_v0.10.1_vs2017_release\of_v0.10.1_vs2017_release\addons\ofxopencv\libs\opencv\include\opencv2\core\persistence.hpp : warning C4819: The file contains a character that cannot be represented in the current code page (936). Save the file in Unicode format to prevent data loss (compiling source file src\main.cpp)
c:\users\sai\documents\of_v0.10.1_vs2017_release\of_v0.10.1_vs2017_release\addons\ofxopencv\libs\opencv\include\opencv2\core\utility.hpp : warning C4819: The file contains a character that cannot be represented in the current code page (936). Save the file in Unicode format to prevent data loss (compiling source file src\ofApp.cpp)
c:\users\sai\documents\of_v0.10.1_vs2017_release\of_v0.10.1_vs2017_release\addons\ofxopencv\libs\opencv\include\opencv2\core\utility.hpp : warning C4819: The file contains a character that cannot be represented in the current code page (936). Save the file in Unicode format to prevent data loss (compiling source file src\main.cpp)
c:\users\sai\documents\of_v0.10.1_vs2017_release\of_v0.10.1_vs2017_release\apps\final\final_sai\src\ofapp.cpp(37): warning C4996: 'ofSoundStreamSetup': Use an ofSoundStreamSettings object instead of directly passing the parameters
  c:\users\sai\documents\of_v0.10.1_vs2017_release\of_v0.10.1_vs2017_release\libs\openframeworks\sound\ofsoundstream.h(31): note: see declaration of 'ofSoundStreamSetup'
c:\users\sai\documents\of_v0.10.1_vs2017_release\of_v0.10.1_vs2017_release\apps\final\final_sai\src\ofapp.cpp(43): warning C4996: 'ofImage_<unsigned char>::loadImage': Use load instead
  c:\users\sai\documents\of_v0.10.1_vs2017_release\of_v0.10.1_vs2017_release\libs\openframeworks\graphics\ofimage.h(227): note: see declaration of 'ofImage_<unsigned char>::loadImage'
c:\users\sai\documents\of_v0.10.1_vs2017_release\of_v0.10.1_vs2017_release\apps\final\final_sai\src\ofapp.cpp(44): warning C4996: 'ofImage_<unsigned char>::loadImage': Use load instead
  c:\users\sai\documents\of_v0.10.1_vs2017_release\of_v0.10.1_vs2017_release\libs\openframeworks\graphics\ofimage.h(227): note: see declaration of 'ofImage_<unsigned char>::loadImage'
     Creating library bin\Final_Sai.lib and object bin\Final_Sai.exp
  LINK : /LTCG specified but no code generation required; remove /LTCG from the link command line to improve linker performance
  Final_Sai.vcxproj -> C:\Users\Sai\Documents\of_v0.10.1_vs2017_release\of_v0.10.1_vs2017_release\apps\final\Final_Sai\bin\Final_Sai.exe
  
  	                   2	C:\Users\Sai\Documents\of_v0.10.1_vs2017_release\of_v0.10.1_vs2017_release\libs\fmodex\lib\vs\x64\
  	  *多余文件   		 1266176	C:\Users\Sai\Documents\of_v0.10.1_vs2017_release\of_v0.10.1_vs2017_release\apps\final\Final_Sai\bin\fmodex.dll
  	  *多余文件   		 1312768	C:\Users\Sai\Documents\of_v0.10.1_vs2017_release\of_v0.10.1_vs2017_release\apps\final\Final_Sai\bin\fmodexL.dll
  	  *多余文件   		 6942208	C:\Users\Sai\Documents\of_v0.10.1_vs2017_release\of_v0.10.1_vs2017_release\apps\final\Final_Sai\bin\FreeImage.dll
  
  	                   1	C:\Users\Sai\Documents\of_v0.10.1_vs2017_release\of_v0.10.1_vs2017_release\libs\FreeImage\lib\vs\x64\
  	  *多余文件   		 1266176	C:\Users\Sai\Documents\of_v0.10.1_vs2017_release\of_v0.10.1_vs2017_release\apps\final\Final_Sai\bin\fmodex.dll
  	  *多余文件   		 1503232	C:\Users\Sai\Documents\of_v0.10.1_vs2017_release\of_v0.10.1_vs2017_release\apps\final\Final_Sai\bin\fmodex64.dll
  	  *多余文件   		 1312768	C:\Users\Sai\Documents\of_v0.10.1_vs2017_release\of_v0.10.1_vs2017_release\apps\final\Final_Sai\bin\fmodexL.dll
  	  *多余文件   		 1552384	C:\Users\Sai\Documents\of_v0.10.1_vs2017_release\of_v0.10.1_vs2017_release\apps\final\Final_Sai\bin\fmodexL64.dll
