C:\Program Files (x86)\Microsoft Visual Studio\2017\Community\Common7\IDE\VC\VCTargets\Microsoft.CppBuild.targets(391,5): warning MSB8028: The intermediate directory (obj\Win32\Debug\) contains files shared from another project (opencvExample.vcxproj).  This can lead to incorrect clean and rebuild behavior.
  main.cpp
  ofApp.cpp
  ofxCvColorImage.cpp
  ofxCvContourFinder.cpp
  ofxCvFloatImage.cpp
  ofxCvGrayscaleImage.cpp
  ofxCvHaarFinder.cpp
  ofxCvImage.cpp
  ofxCvShortImage.cpp
c:\users\sai\documents\of_v0.10.1_vs2017_release\of_v0.10.1_vs2017_release\addons\ofxopencv\libs\opencv\include\opencv2\core\mat.hpp(1964): warning C4819: The file contains a character that cannot be represented in the current code page (936). Save the file in Unicode format to prevent data loss (compiling source file ..\..\addons\ofxOpenCv\src\ofxCvColorImage.cpp)
c:\users\sai\documents\of_v0.10.1_vs2017_release\of_v0.10.1_vs2017_release\addons\ofxopencv\libs\opencv\include\opencv2\core\mat.hpp(1964): warning C4819: The file contains a character that cannot be represented in the current code page (936). Save the file in Unicode format to prevent data loss (compiling source file ..\..\addons\ofxOpenCv\src\ofxCvFloatImage.cpp)
c:\users\sai\documents\of_v0.10.1_vs2017_release\of_v0.10.1_vs2017_release\addons\ofxopencv\libs\opencv\include\opencv2\core\mat.hpp(1964): warning C4819: The file contains a character that cannot be represented in the current code page (936). Save the file in Unicode format to prevent data loss (compiling source file ..\..\addons\ofxOpenCv\src\ofxCvImage.cpp)
c:\users\sai\documents\of_v0.10.1_vs2017_release\of_v0.10.1_vs2017_release\addons\ofxopencv\libs\opencv\include\opencv2\core\mat.hpp(1964): warning C4819: The file contains a character that cannot be represented in the current code page (936). Save the file in Unicode format to prevent data loss (compiling source file ..\..\addons\ofxOpenCv\src\ofxCvContourFinder.cpp)
c:\users\sai\documents\of_v0.10.1_vs2017_release\of_v0.10.1_vs2017_release\addons\ofxopencv\libs\opencv\include\opencv2\core\mat.hpp(1964): warning C4819: The file contains a character that cannot be represented in the current code page (936). Save the file in Unicode format to prevent data loss (compiling source file ..\..\addons\ofxOpenCv\src\ofxCvShortImage.cpp)
c:\users\sai\documents\of_v0.10.1_vs2017_release\of_v0.10.1_vs2017_release\addons\ofxopencv\libs\opencv\include\opencv2\core\mat.hpp(1964): warning C4819: The file contains a character that cannot be represented in the current code page (936). Save the file in Unicode format to prevent data loss (compiling source file ..\..\addons\ofxOpenCv\src\ofxCvGrayscaleImage.cpp)
c:\users\sai\documents\of_v0.10.1_vs2017_release\of_v0.10.1_vs2017_release\addons\ofxopencv\libs\opencv\include\opencv2\core\persistence.hpp : warning C4819: The file contains a character that cannot be represented in the current code page (936). Save the file in Unicode format to prevent data loss (compiling source file ..\..\addons\ofxOpenCv\src\ofxCvColorImage.cpp)
c:\users\sai\documents\of_v0.10.1_vs2017_release\of_v0.10.1_vs2017_release\addons\ofxopencv\libs\opencv\include\opencv2\core\persistence.hpp : warning C4819: The file contains a character that cannot be represented in the current code page (936). Save the file in Unicode format to prevent data loss (compiling source file ..\..\addons\ofxOpenCv\src\ofxCvFloatImage.cpp)
c:\users\sai\documents\of_v0.10.1_vs2017_release\of_v0.10.1_vs2017_release\addons\ofxopencv\libs\opencv\include\opencv2\core\persistence.hpp : warning C4819: The file contains a character that cannot be represented in the current code page (936). Save the file in Unicode format to prevent data loss (compiling source file ..\..\addons\ofxOpenCv\src\ofxCvImage.cpp)
c:\users\sai\documents\of_v0.10.1_vs2017_release\of_v0.10.1_vs2017_release\addons\ofxopencv\libs\opencv\include\opencv2\core\persistence.hpp : warning C4819: The file contains a character that cannot be represented in the current code page (936). Save the file in Unicode format to prevent data loss (compiling source file ..\..\addons\ofxOpenCv\src\ofxCvShortImage.cpp)
c:\users\sai\documents\of_v0.10.1_vs2017_release\of_v0.10.1_vs2017_release\addons\ofxopencv\libs\opencv\include\opencv2\core\persistence.hpp : warning C4819: The file contains a character that cannot be represented in the current code page (936). Save the file in Unicode format to prevent data loss (compiling source file ..\..\addons\ofxOpenCv\src\ofxCvContourFinder.cpp)
c:\users\sai\documents\of_v0.10.1_vs2017_release\of_v0.10.1_vs2017_release\addons\ofxopencv\libs\opencv\include\opencv2\core\persistence.hpp : warning C4819: The file contains a character that cannot be represented in the current code page (936). Save the file in Unicode format to prevent data loss (compiling source file ..\..\addons\ofxOpenCv\src\ofxCvGrayscaleImage.cpp)
c:\users\sai\documents\of_v0.10.1_vs2017_release\of_v0.10.1_vs2017_release\addons\ofxopencv\libs\opencv\include\opencv2\core\utility.hpp : warning C4819: The file contains a character that cannot be represented in the current code page (936). Save the file in Unicode format to prevent data loss (compiling source file ..\..\addons\ofxOpenCv\src\ofxCvColorImage.cpp)
c:\users\sai\documents\of_v0.10.1_vs2017_release\of_v0.10.1_vs2017_release\addons\ofxopencv\libs\opencv\include\opencv2\core\utility.hpp : warning C4819: The file contains a character that cannot be represented in the current code page (936). Save the file in Unicode format to prevent data loss (compiling source file ..\..\addons\ofxOpenCv\src\ofxCvImage.cpp)
c:\users\sai\documents\of_v0.10.1_vs2017_release\of_v0.10.1_vs2017_release\addons\ofxopencv\libs\opencv\include\opencv2\core\utility.hpp : warning C4819: The file contains a character that cannot be represented in the current code page (936). Save the file in Unicode format to prevent data loss (compiling source file ..\..\addons\ofxOpenCv\src\ofxCvFloatImage.cpp)
c:\users\sai\documents\of_v0.10.1_vs2017_release\of_v0.10.1_vs2017_release\addons\ofxopencv\libs\opencv\include\opencv2\core\utility.hpp : warning C4819: The file contains a character that cannot be represented in the current code page (936). Save the file in Unicode format to prevent data loss (compiling source file ..\..\addons\ofxOpenCv\src\ofxCvShortImage.cpp)
c:\users\sai\documents\of_v0.10.1_vs2017_release\of_v0.10.1_vs2017_release\addons\ofxopencv\libs\opencv\include\opencv2\core\utility.hpp : warning C4819: The file contains a character that cannot be represented in the current code page (936). Save the file in Unicode format to prevent data loss (compiling source file ..\..\addons\ofxOpenCv\src\ofxCvContourFinder.cpp)
c:\users\sai\documents\of_v0.10.1_vs2017_release\of_v0.10.1_vs2017_release\addons\ofxopencv\libs\opencv\include\opencv2\core\utility.hpp : warning C4819: The file contains a character that cannot be represented in the current code page (936). Save the file in Unicode format to prevent data loss (compiling source file ..\..\addons\ofxOpenCv\src\ofxCvGrayscaleImage.cpp)
c:\users\sai\documents\of_v0.10.1_vs2017_release\of_v0.10.1_vs2017_release\libs\openframeworks\math\ofvec3f.h : warning C4819: The file contains a character that cannot be represented in the current code page (936). Save the file in Unicode format to prevent data loss (compiling source file src\main.cpp)
c:\users\sai\documents\of_v0.10.1_vs2017_release\of_v0.10.1_vs2017_release\libs\openframeworks\math\ofvec2f.h : warning C4819: The file contains a character that cannot be represented in the current code page (936). Save the file in Unicode format to prevent data loss (compiling source file src\main.cpp)
c:\users\sai\documents\of_v0.10.1_vs2017_release\of_v0.10.1_vs2017_release\libs\openframeworks\math\ofvec3f.h : warning C4819: The file contains a character that cannot be represented in the current code page (936). Save the file in Unicode format to prevent data loss (compiling source file src\ofApp.cpp)
c:\users\sai\documents\of_v0.10.1_vs2017_release\of_v0.10.1_vs2017_release\libs\openframeworks\math\ofvec2f.h : warning C4819: The file contains a character that cannot be represented in the current code page (936). Save the file in Unicode format to prevent data loss (compiling source file src\ofApp.cpp)
c:\users\sai\documents\of_v0.10.1_vs2017_release\of_v0.10.1_vs2017_release\libs\openframeworks\math\ofvec3f.h : warning C4819: The file contains a character that cannot be represented in the current code page (936). Save the file in Unicode format to prevent data loss (compiling source file ..\..\addons\ofxOpenCv\src\ofxCvHaarFinder.cpp)
c:\users\sai\documents\of_v0.10.1_vs2017_release\of_v0.10.1_vs2017_release\libs\openframeworks\math\ofvec2f.h : warning C4819: The file contains a character that cannot be represented in the current code page (936). Save the file in Unicode format to prevent data loss (compiling source file ..\..\addons\ofxOpenCv\src\ofxCvHaarFinder.cpp)
c:\users\sai\documents\of_v0.10.1_vs2017_release\of_v0.10.1_vs2017_release\libs\openframeworks\math\ofvec3f.h : warning C4819: The file contains a character that cannot be represented in the current code page (936). Save the file in Unicode format to prevent data loss (compiling source file ..\..\addons\ofxOpenCv\src\ofxCvImage.cpp)
c:\users\sai\documents\of_v0.10.1_vs2017_release\of_v0.10.1_vs2017_release\libs\openframeworks\math\ofvec2f.h : warning C4819: The file contains a character that cannot be represented in the current code page (936). Save the file in Unicode format to prevent data loss (compiling source file ..\..\addons\ofxOpenCv\src\ofxCvImage.cpp)
c:\users\sai\documents\of_v0.10.1_vs2017_release\of_v0.10.1_vs2017_release\libs\openframeworks\math\ofvec3f.h : warning C4819: The file contains a character that cannot be represented in the current code page (936). Save the file in Unicode format to prevent data loss (compiling source file ..\..\addons\ofxOpenCv\src\ofxCvColorImage.cpp)
c:\users\sai\documents\of_v0.10.1_vs2017_release\of_v0.10.1_vs2017_release\libs\openframeworks\math\ofvec2f.h : warning C4819: The file contains a character that cannot be represented in the current code page (936). Save the file in Unicode format to prevent data loss (compiling source file ..\..\addons\ofxOpenCv\src\ofxCvColorImage.cpp)
c:\users\sai\documents\of_v0.10.1_vs2017_release\of_v0.10.1_vs2017_release\libs\openframeworks\math\ofvec3f.h : warning C4819: The file contains a character that cannot be represented in the current code page (936). Save the file in Unicode format to prevent data loss (compiling source file ..\..\addons\ofxOpenCv\src\ofxCvShortImage.cpp)
c:\users\sai\documents\of_v0.10.1_vs2017_release\of_v0.10.1_vs2017_release\libs\openframeworks\math\ofvec2f.h : warning C4819: The file contains a character that cannot be represented in the current code page (936). Save the file in Unicode format to prevent data loss (compiling source file ..\..\addons\ofxOpenCv\src\ofxCvShortImage.cpp)
c:\users\sai\documents\of_v0.10.1_vs2017_release\of_v0.10.1_vs2017_release\libs\openframeworks\math\ofvec3f.h : warning C4819: The file contains a character that cannot be represented in the current code page (936). Save the file in Unicode format to prevent data loss (compiling source file ..\..\addons\ofxOpenCv\src\ofxCvFloatImage.cpp)
c:\users\sai\documents\of_v0.10.1_vs2017_release\of_v0.10.1_vs2017_release\libs\openframeworks\math\ofvec2f.h : warning C4819: The file contains a character that cannot be represented in the current code page (936). Save the file in Unicode format to prevent data loss (compiling source file ..\..\addons\ofxOpenCv\src\ofxCvFloatImage.cpp)
c:\users\sai\documents\of_v0.10.1_vs2017_release\of_v0.10.1_vs2017_release\libs\openframeworks\math\ofvec3f.h : warning C4819: The file contains a character that cannot be represented in the current code page (936). Save the file in Unicode format to prevent data loss (compiling source file ..\..\addons\ofxOpenCv\src\ofxCvGrayscaleImage.cpp)
c:\users\sai\documents\of_v0.10.1_vs2017_release\of_v0.10.1_vs2017_release\libs\openframeworks\math\ofvec2f.h : warning C4819: The file contains a character that cannot be represented in the current code page (936). Save the file in Unicode format to prevent data loss (compiling source file ..\..\addons\ofxOpenCv\src\ofxCvGrayscaleImage.cpp)
c:\users\sai\documents\of_v0.10.1_vs2017_release\of_v0.10.1_vs2017_release\libs\openframeworks\math\ofvec3f.h : warning C4819: The file contains a character that cannot be represented in the current code page (936). Save the file in Unicode format to prevent data loss (compiling source file ..\..\addons\ofxOpenCv\src\ofxCvContourFinder.cpp)
c:\users\sai\documents\of_v0.10.1_vs2017_release\of_v0.10.1_vs2017_release\libs\openframeworks\math\ofvec2f.h : warning C4819: The file contains a character that cannot be represented in the current code page (936). Save the file in Unicode format to prevent data loss (compiling source file ..\..\addons\ofxOpenCv\src\ofxCvContourFinder.cpp)
c:\users\sai\documents\of_v0.10.1_vs2017_release\of_v0.10.1_vs2017_release\addons\ofxopencv\libs\opencv\include\opencv2\core\mat.hpp(1964): warning C4819: The file contains a character that cannot be represented in the current code page (936). Save the file in Unicode format to prevent data loss (compiling source file src\main.cpp)
c:\users\sai\documents\of_v0.10.1_vs2017_release\of_v0.10.1_vs2017_release\addons\ofxopencv\libs\opencv\include\opencv2\core\mat.hpp(1964): warning C4819: The file contains a character that cannot be represented in the current code page (936). Save the file in Unicode format to prevent data loss (compiling source file src\ofApp.cpp)
c:\users\sai\documents\of_v0.10.1_vs2017_release\of_v0.10.1_vs2017_release\addons\ofxopencv\libs\opencv\include\opencv2\core\persistence.hpp : warning C4819: The file contains a character that cannot be represented in the current code page (936). Save the file in Unicode format to prevent data loss (compiling source file src\main.cpp)
c:\users\sai\documents\of_v0.10.1_vs2017_release\of_v0.10.1_vs2017_release\addons\ofxopencv\libs\opencv\include\opencv2\core\persistence.hpp : warning C4819: The file contains a character that cannot be represented in the current code page (936). Save the file in Unicode format to prevent data loss (compiling source file src\ofApp.cpp)
c:\users\sai\documents\of_v0.10.1_vs2017_release\of_v0.10.1_vs2017_release\addons\ofxopencv\libs\opencv\include\opencv2\core\utility.hpp : warning C4819: The file contains a character that cannot be represented in the current code page (936). Save the file in Unicode format to prevent data loss (compiling source file src\main.cpp)
c:\users\sai\documents\of_v0.10.1_vs2017_release\of_v0.10.1_vs2017_release\addons\ofxopencv\libs\opencv\include\opencv2\core\mat.hpp(1964): warning C4819: The file contains a character that cannot be represented in the current code page (936). Save the file in Unicode format to prevent data loss (compiling source file ..\..\addons\ofxOpenCv\src\ofxCvHaarFinder.cpp)
c:\users\sai\documents\of_v0.10.1_vs2017_release\of_v0.10.1_vs2017_release\addons\ofxopencv\libs\opencv\include\opencv2\core\utility.hpp : warning C4819: The file contains a character that cannot be represented in the current code page (936). Save the file in Unicode format to prevent data loss (compiling source file src\ofApp.cpp)
c:\users\sai\documents\of_v0.10.1_vs2017_release\of_v0.10.1_vs2017_release\addons\ofxopencv\libs\opencv\include\opencv2\core\persistence.hpp : warning C4819: The file contains a character that cannot be represented in the current code page (936). Save the file in Unicode format to prevent data loss (compiling source file ..\..\addons\ofxOpenCv\src\ofxCvHaarFinder.cpp)
c:\users\sai\documents\of_v0.10.1_vs2017_release\of_v0.10.1_vs2017_release\addons\ofxopencv\libs\opencv\include\opencv2\core\utility.hpp : warning C4819: The file contains a character that cannot be represented in the current code page (936). Save the file in Unicode format to prevent data loss (compiling source file ..\..\addons\ofxOpenCv\src\ofxCvHaarFinder.cpp)
     Creating library bin\CCProject3_Cy_Lucas_Sai_debug.lib and object bin\CCProject3_Cy_Lucas_Sai_debug.exp
  CCProject3_Cy_Lucas_Sai.vcxproj -> C:\Users\Sai\Documents\of_v0.10.1_vs2017_release\of_v0.10.1_vs2017_release\apps\CCProject3_Cy_Lucas_Sai\bin\CCProject3_Cy_Lucas_Sai_debug.exe
  
  	                   2	C:\Users\Sai\Documents\of_v0.10.1_vs2017_release\of_v0.10.1_vs2017_release\libs\fmodex\lib\vs\Win32\
  	  *多余文件   		 6018560	C:\Users\Sai\Documents\of_v0.10.1_vs2017_release\of_v0.10.1_vs2017_release\apps\CCProject3_Cy_Lucas_Sai\bin\FreeImage.dll
  
  	                   1	C:\Users\Sai\Documents\of_v0.10.1_vs2017_release\of_v0.10.1_vs2017_release\libs\FreeImage\lib\vs\Win32\
  	  *多余文件   		 1266176	C:\Users\Sai\Documents\of_v0.10.1_vs2017_release\of_v0.10.1_vs2017_release\apps\CCProject3_Cy_Lucas_Sai\bin\fmodex.dll
  	  *多余文件   		 1312768	C:\Users\Sai\Documents\of_v0.10.1_vs2017_release\of_v0.10.1_vs2017_release\apps\CCProject3_Cy_Lucas_Sai\bin\fmodexL.dll
